<?xml version="1.0" encoding="UTF-8"?>
<!-- Generated by org.testng.reporters.JUnitXMLReporter -->
<testsuite hostname="Air-cua-Le" ignored="0" name="athenLoginPage" tests="3" failures="2" timestamp="2022-01-17T22:12:35 ICT" time="50.085" errors="0">
  <testcase name="TC01_validLogin" time="17.303" classname="maintest.TestLoginPageWithBaseTestV1">
    <failure type="java.lang.AssertionError" message="expected [success] but found [hello]">
      <![CDATA[java.lang.AssertionError: expected [success] but found [hello]
at maintest.TestLoginPageWithBaseTestV1.TC01_validLogin(TestLoginPageWithBaseTestV1.java:29)
at java.util.ArrayList.forEach(ArrayList.java:1259)
... Removed 33 stack frames]]>
    </failure>
  </testcase> <!-- TC01_validLogin -->
  <testcase name="TC02" time="0.107" classname="maintest.TestLoginPageWithBaseTestV1">
    <failure type="org.openqa.selenium.WebDriverException" message="An unknown server-side error occurred while processing the command. Original error: &amp;apos;POST /element&amp;apos; cannot be proxied to UiAutomator2 server because the instrumentation process is not running (probably crashed). Check the server log and/or the logcat output for more details
Build info: version: &amp;apos;3.141.59&amp;apos;, revision: &amp;apos;e82be7d358&amp;apos;, time: &amp;apos;2018-11-14T08:17:03&amp;apos;
System info: host: &amp;apos;Air-cua-Le&amp;apos;, ip: &amp;apos;2405:4803:c84c:7170:ffff:ffff:ffff:ffc6%en0&amp;apos;, os.name: &amp;apos;Mac OS X&amp;apos;, os.arch: &amp;apos;x86_64&amp;apos;, os.version: &amp;apos;10.16&amp;apos;, java.version: &amp;apos;1.8.0_311&amp;apos;
Driver info: io.appium.java_client.android.AndroidDriver
Capabilities {appActivity: .MainActivity, appPackage: com.wdiodemoapp, automationName: uiautomator2, databaseEnabled: false, desired: {appActivity: .MainActivity, appPackage: com.wdiodemoapp, automationName: uiautomator2, platformName: android, udid: 3200bad15ec4b55f}, deviceApiLevel: 29, deviceManufacturer: samsung, deviceModel: SM-A750GN, deviceName: 3200bad15ec4b55f, deviceScreenDensity: 480, deviceScreenSize: 1080x2220, deviceUDID: 3200bad15ec4b55f, javascriptEnabled: true, locationContextEnabled: false, networkConnectionEnabled: true, pixelRatio: 3, platform: LINUX, platformName: android, platformVersion: 10, statBarHeight: 72, takesScreenshot: true, udid: 3200bad15ec4b55f, viewportRect: {height: 2004, left: 0, top: 72, width: 1080}, warnings: {}, webStorageEnabled: false}
Session ID: d802d4ac-a2b7-40a2-95ad-6ef63a9b6c1d
*** Element info: {Using=accessibility id, value=Login}">
      <![CDATA[org.openqa.selenium.WebDriverException: An unknown server-side error occurred while processing the command. Original error: 'POST /element' cannot be proxied to UiAutomator2 server because the instrumentation process is not running (probably crashed). Check the server log and/or the logcat output for more details
Build info: version: '3.141.59', revision: 'e82be7d358', time: '2018-11-14T08:17:03'
System info: host: 'Air-cua-Le', ip: '2405:4803:c84c:7170:ffff:ffff:ffff:ffc6%en0', os.name: 'Mac OS X', os.arch: 'x86_64', os.version: '10.16', java.version: '1.8.0_311'
Driver info: io.appium.java_client.android.AndroidDriver
Capabilities {appActivity: .MainActivity, appPackage: com.wdiodemoapp, automationName: uiautomator2, databaseEnabled: false, desired: {appActivity: .MainActivity, appPackage: com.wdiodemoapp, automationName: uiautomator2, platformName: android, udid: 3200bad15ec4b55f}, deviceApiLevel: 29, deviceManufacturer: samsung, deviceModel: SM-A750GN, deviceName: 3200bad15ec4b55f, deviceScreenDensity: 480, deviceScreenSize: 1080x2220, deviceUDID: 3200bad15ec4b55f, javascriptEnabled: true, locationContextEnabled: false, networkConnectionEnabled: true, pixelRatio: 3, platform: LINUX, platformName: android, platformVersion: 10, statBarHeight: 72, takesScreenshot: true, udid: 3200bad15ec4b55f, viewportRect: {height: 2004, left: 0, top: 72, width: 1080}, warnings: {}, webStorageEnabled: false}
Session ID: d802d4ac-a2b7-40a2-95ad-6ef63a9b6c1d
*** Element info: {Using=accessibility id, value=Login}
at org.openqa.selenium.remote.http.W3CHttpResponseCodec.createException(W3CHttpResponseCodec.java:187)
at org.openqa.selenium.remote.http.W3CHttpResponseCodec.decode(W3CHttpResponseCodec.java:122)
at org.openqa.selenium.remote.http.W3CHttpResponseCodec.decode(W3CHttpResponseCodec.java:49)
at org.openqa.selenium.remote.HttpCommandExecutor.execute(HttpCommandExecutor.java:158)
at io.appium.java_client.remote.AppiumCommandExecutor.execute(AppiumCommandExecutor.java:250)
at org.openqa.selenium.remote.RemoteWebDriver.execute(RemoteWebDriver.java:552)
at io.appium.java_client.DefaultGenericMobileDriver.execute(DefaultGenericMobileDriver.java:41)
at io.appium.java_client.AppiumDriver.execute(AppiumDriver.java:1)
at io.appium.java_client.android.AndroidDriver.execute(AndroidDriver.java:1)
at org.openqa.selenium.remote.RemoteWebDriver.findElement(RemoteWebDriver.java:323)
at io.appium.java_client.DefaultGenericMobileDriver.findElement(DefaultGenericMobileDriver.java:61)
at io.appium.java_client.AppiumDriver.findElement(AppiumDriver.java:1)
at io.appium.java_client.android.AndroidDriver.findElement(AndroidDriver.java:1)
at io.appium.java_client.FindsByAccessibilityId.findElementByAccessibilityId(FindsByAccessibilityId.java:37)
at io.appium.java_client.MobileBy$ByAccessibilityId.findElement(MobileBy.java:284)
at org.openqa.selenium.remote.RemoteWebDriver.findElement(RemoteWebDriver.java:315)
at io.appium.java_client.DefaultGenericMobileDriver.findElement(DefaultGenericMobileDriver.java:57)
at io.appium.java_client.AppiumDriver.findElement(AppiumDriver.java:1)
at io.appium.java_client.android.AndroidDriver.findElement(AndroidDriver.java:1)
at models.components.global.BottomNavComponent.clickLoginTab(BottomNavComponent.java:22)
at maintest.TestLoginPageWithBaseTestV1.TC02(TestLoginPageWithBaseTestV1.java:35)
at java.util.ArrayList.forEach(ArrayList.java:1259)
... Removed 31 stack frames]]>
    </failure>
  </testcase> <!-- TC02 -->
  <testcase name="TC01_validLogin" time="12.088" classname="maintest.TestLoginPageWithBaseTestV12"/>
</testsuite> <!-- athenLoginPage -->
